<?xml version="1.0" encoding="UTF-8"?>
<!-- Generated by org.testng.reporters.JUnitXMLReporter -->
<testsuite ignored="0" hostname="DESKTOP-E1AGTKN" failures="0" tests="4" name="Default test" time="10.283" errors="0" timestamp="2023-07-22T12:45:06 EET">
  <testcase classname="Tests.TC02_OrderApisTest" name="testCreateOrder" time="6.889"/>
  <testcase classname="Tests.TC02_OrderApisTest" name="testGetCreatedOrder" time="1.089"/>
  <testcase classname="Tests.TC02_OrderApisTest" name="testUpdateOrder" time="1.327"/>
  <testcase classname="Tests.TC02_OrderApisTest" name="testDeleteOrder" time="0.889"/>
</testsuite> <!-- Default test -->
