<?xml version="1.0" encoding="UTF-8"?>
<!-- Generated by org.testng.reporters.JUnitXMLReporter -->
<testsuite ignored="0" hostname="DESKTOP-E1AGTKN" failures="0" tests="6" name="Test" time="7.399" errors="0" timestamp="2023-07-23T15:14:45 EET">
  <testcase classname="Tests.TC02_OrderApisTest" name="testCreateOrder" time="2.675"/>
  <testcase classname="Tests.TC02_OrderApisTest" name="testGetCreatedOrder" time="0.931"/>
  <testcase classname="Tests.TC02_OrderApisTest" name="testUpdateOrder" time="1.004"/>
  <testcase classname="Tests.TC02_OrderApisTest" name="testDeleteOrder" time="0.977"/>
  <testcase classname="Tests.TC01_BookApiTest" name="GetBooklst" time="0.893"/>
  <testcase classname="Tests.TC01_BookApiTest" name="GetSpecificBook" time="0.832"/>
</testsuite> <!-- Test -->
