<?xml version="1.0" encoding="UTF-8"?>
<!-- Generated by org.testng.reporters.JUnitXMLReporter -->
<testsuite ignored="0" hostname="DESKTOP-E1AGTKN" failures="0" tests="6" name="Test" time="8.672" errors="0" timestamp="2023-07-25T23:04:47 EET">
  <testcase classname="Tests.TC02_OrderApisTest" name="testCreateOrder" time="2.839"/>
  <testcase classname="Tests.TC02_OrderApisTest" name="testGetCreatedOrder" time="1.104"/>
  <testcase classname="Tests.TC02_OrderApisTest" name="testUpdateOrder" time="0.992"/>
  <testcase classname="Tests.TC02_OrderApisTest" name="testDeleteOrder" time="1.585"/>
  <testcase classname="Tests.TC01_BookApiTest" name="GetBooklst" time="0.901"/>
  <testcase classname="Tests.TC01_BookApiTest" name="GetSpecificBook" time="0.882"/>
</testsuite> <!-- Test -->
