<?xml version="1.0" encoding="UTF-8"?>
<testng-results ignored="0" total="6" passed="6" failed="0" skipped="0">
  <reporter-output>
  </reporter-output>
  <suite started-at="2023-07-22T13:06:50 EET" name="RestApiReport" finished-at="2023-07-22T13:07:02 EET" duration-ms="11906">
    <groups>
    </groups>
    <test started-at="2023-07-22T13:06:50 EET" name="Test" finished-at="2023-07-22T13:07:02 EET" duration-ms="11906">
      <class name="Tests.TC02_OrderApisTest">
        <test-method signature="testCreateOrder()[pri:1, instance:Tests.TC02_OrderApisTest@7ce026d3]" started-at="2023-07-22T13:06:50 EET" name="testCreateOrder" finished-at="2023-07-22T13:06:56 EET" duration-ms="5875" status="PASS">
          <reporter-output>
          </reporter-output>
        </test-method> <!-- testCreateOrder -->
        <test-method signature="testGetCreatedOrder()[pri:2, instance:Tests.TC02_OrderApisTest@7ce026d3]" started-at="2023-07-22T13:06:56 EET" name="testGetCreatedOrder" finished-at="2023-07-22T13:06:58 EET" duration-ms="1090" status="PASS">
          <reporter-output>
          </reporter-output>
        </test-method> <!-- testGetCreatedOrder -->
        <test-method signature="testUpdateOrder()[pri:3, instance:Tests.TC02_OrderApisTest@7ce026d3]" started-at="2023-07-22T13:06:58 EET" name="testUpdateOrder" finished-at="2023-07-22T13:06:59 EET" duration-ms="1221" status="PASS">
          <reporter-output>
          </reporter-output>
        </test-method> <!-- testUpdateOrder -->
        <test-method signature="testDeleteOrder()[pri:4, instance:Tests.TC02_OrderApisTest@7ce026d3]" started-at="2023-07-22T13:06:59 EET" name="testDeleteOrder" finished-at="2023-07-22T13:07:00 EET" duration-ms="1321" status="PASS">
          <reporter-output>
          </reporter-output>
        </test-method> <!-- testDeleteOrder -->
      </class> <!-- Tests.TC02_OrderApisTest -->
      <class name="Tests.TC01_BookApiTest">
        <test-method signature="GetBooklst()[pri:0, instance:Tests.TC01_BookApiTest@231f98ef]" started-at="2023-07-22T13:07:00 EET" name="GetBooklst" finished-at="2023-07-22T13:07:01 EET" duration-ms="1045" status="PASS">
          <reporter-output>
          </reporter-output>
        </test-method> <!-- GetBooklst -->
        <test-method signature="GetSpecificBook()[pri:0, instance:Tests.TC01_BookApiTest@231f98ef]" started-at="2023-07-22T13:07:01 EET" name="GetSpecificBook" finished-at="2023-07-22T13:07:02 EET" duration-ms="1147" status="PASS">
          <reporter-output>
          </reporter-output>
        </test-method> <!-- GetSpecificBook -->
      </class> <!-- Tests.TC01_BookApiTest -->
    </test> <!-- Test -->
  </suite> <!-- RestApiReport -->
</testng-results>
