<?xml version="1.0" encoding="UTF-8"?>
<!-- Generated by org.testng.reporters.JUnitXMLReporter -->
<testsuite ignored="1" hostname="DESKTOP-E1AGTKN" failures="0" tests="1" name="Default test" time="2.462" errors="0" timestamp="2023-07-23T16:57:41 EET">
  <testcase classname="Tests.TC01_BookApiTest" name="GetBooklst" time="2.159"/>
  <testcase classname="Tests.TC01_BookApiTest" name="GetSpecificBook" time="0.0">
    <ignored/>
  </testcase> <!-- GetSpecificBook -->
</testsuite> <!-- Default test -->
