<?xml version="1.0" encoding="UTF-8"?>
<!-- Generated by org.testng.reporters.JUnitXMLReporter -->
<testsuite ignored="0" hostname="DESKTOP-E1AGTKN" failures="0" tests="6" name="Test" time="11.906" errors="0" timestamp="2023-07-22T13:07:02 EET">
  <testcase classname="Tests.TC02_OrderApisTest" name="testCreateOrder" time="5.875"/>
  <testcase classname="Tests.TC02_OrderApisTest" name="testGetCreatedOrder" time="1.09"/>
  <testcase classname="Tests.TC02_OrderApisTest" name="testUpdateOrder" time="1.221"/>
  <testcase classname="Tests.TC02_OrderApisTest" name="testDeleteOrder" time="1.321"/>
  <testcase classname="Tests.TC01_BookApiTest" name="GetBooklst" time="1.045"/>
  <testcase classname="Tests.TC01_BookApiTest" name="GetSpecificBook" time="1.147"/>
</testsuite> <!-- Test -->
