<?xml version="1.0" encoding="UTF-8"?>
<testng-results ignored="0" total="6" passed="6" failed="0" skipped="0">
  <reporter-output>
  </reporter-output>
  <suite started-at="2023-07-25T23:04:38 EET" name="RestApiReport" finished-at="2023-07-25T23:04:47 EET" duration-ms="8672">
    <groups>
    </groups>
    <test started-at="2023-07-25T23:04:38 EET" name="Test" finished-at="2023-07-25T23:04:47 EET" duration-ms="8672">
      <class name="Tests.TC02_OrderApisTest">
        <test-method signature="testCreateOrder()[pri:1, instance:Tests.TC02_OrderApisTest@496bc455]" started-at="2023-07-25T23:04:38 EET" name="testCreateOrder" finished-at="2023-07-25T23:04:41 EET" duration-ms="2839" status="PASS">
          <reporter-output>
          </reporter-output>
        </test-method> <!-- testCreateOrder -->
        <test-method signature="testGetCreatedOrder()[pri:2, instance:Tests.TC02_OrderApisTest@496bc455]" started-at="2023-07-25T23:04:41 EET" name="testGetCreatedOrder" finished-at="2023-07-25T23:04:42 EET" duration-ms="1104" status="PASS">
          <reporter-output>
          </reporter-output>
        </test-method> <!-- testGetCreatedOrder -->
        <test-method signature="testUpdateOrder()[pri:3, instance:Tests.TC02_OrderApisTest@496bc455]" started-at="2023-07-25T23:04:42 EET" name="testUpdateOrder" finished-at="2023-07-25T23:04:43 EET" duration-ms="992" status="PASS">
          <reporter-output>
          </reporter-output>
        </test-method> <!-- testUpdateOrder -->
        <test-method signature="testDeleteOrder()[pri:4, instance:Tests.TC02_OrderApisTest@496bc455]" started-at="2023-07-25T23:04:43 EET" name="testDeleteOrder" finished-at="2023-07-25T23:04:45 EET" duration-ms="1585" status="PASS">
          <reporter-output>
          </reporter-output>
        </test-method> <!-- testDeleteOrder -->
      </class> <!-- Tests.TC02_OrderApisTest -->
      <class name="Tests.TC01_BookApiTest">
        <test-method is-config="true" signature="report()[pri:0, instance:Tests.TC01_BookApiTest@1863d2fe]" started-at="2023-07-25T23:04:38 EET" name="report" finished-at="2023-07-25T23:04:38 EET" duration-ms="109" status="PASS">
          <reporter-output>
          </reporter-output>
        </test-method> <!-- report -->
        <test-method signature="GetBooklst()[pri:0, instance:Tests.TC01_BookApiTest@1863d2fe]" started-at="2023-07-25T23:04:45 EET" name="GetBooklst" finished-at="2023-07-25T23:04:46 EET" duration-ms="901" status="PASS">
          <reporter-output>
          </reporter-output>
        </test-method> <!-- GetBooklst -->
        <test-method signature="GetSpecificBook()[pri:0, instance:Tests.TC01_BookApiTest@1863d2fe]" started-at="2023-07-25T23:04:46 EET" name="GetSpecificBook" finished-at="2023-07-25T23:04:47 EET" duration-ms="882" status="PASS">
          <reporter-output>
          </reporter-output>
        </test-method> <!-- GetSpecificBook -->
        <test-method is-config="true" signature="teardown()[pri:0, instance:Tests.TC01_BookApiTest@1863d2fe]" started-at="2023-07-25T23:04:47 EET" name="teardown" finished-at="2023-07-25T23:04:47 EET" duration-ms="155" status="PASS">
          <reporter-output>
          </reporter-output>
        </test-method> <!-- teardown -->
      </class> <!-- Tests.TC01_BookApiTest -->
    </test> <!-- Test -->
  </suite> <!-- RestApiReport -->
</testng-results>
